info it worked if it ends with ok
verbose cli [ 'node',
verbose cli   '/home/donnerjack13589/.node/0.4.7/bin/npm',
verbose cli   'start' ]
info using npm@1.0.6
info using node@v0.4.7
verbose config file /home/donnerjack13589/.npmrc
verbose config file /home/donnerjack13589/.node/0.4.7/etc/npmrc
silly testEngine { name: '{{project}}',
silly testEngine   version: '0.0.1',
silly testEngine   description: '{{description}}',
silly testEngine   author: { name: '{{name}}', email: '{{email}}' },
silly testEngine   keywords: [],
silly testEngine   dependencies: 
silly testEngine    { cradle: '>= 0.3.1',
silly testEngine      ejs: '>= 0.2.1',
silly testEngine      express: '>= 1.0.1',
silly testEngine      request: '>= 0.10.0',
silly testEngine      step: '>= 0.0.3',
silly testEngine      watch: '>= 0.3.0' },
silly testEngine   engines: { node: '>= 0.4.x' },
silly testEngine   scripts: { start: './run' },
silly testEngine   devDependencies: {},
silly testEngine   _id: '{{project}}@0.0.1',
silly testEngine   _engineSupported: true,
silly testEngine   _npmVersion: '1.0.6',
silly testEngine   _nodeVersion: 'v0.4.7',
silly testEngine   _defaultsLoaded: true }
verbose caching /home/donnerjack13589/Coding/git/donnerjack13589/ngen/templates/modular/content/package.json
verbose loadDefaults {{project}}@0.0.1
verbose run-script [ 'prestart', 'start', 'poststart' ]
info prestart {{project}}@0.0.1
info start {{project}}@0.0.1
verbose unsafe-perm in lifecycle true
silly exec sh "-c" "./run"
info {{project}}@0.0.1 Failed to exec start script
ERR! {{project}}@0.0.1 start: `./run`
ERR! `sh "-c" "./run"` failed with 1
ERR! 
ERR! Failed at the {{project}}@0.0.1 start script.
ERR! This is most likely a problem with the {{project}} package,
ERR! not with npm itself.
ERR! Tell the author that this fails on your system:
ERR!     ./run
ERR! You can get their info via:
ERR!     npm owner ls {{project}}
ERR! There is likely additional logging output above.
ERR! 
ERR! System Linux 2.6.38-8-generic-pae
ERR! command "node" "/home/donnerjack13589/.node/0.4.7/bin/npm" "start"
verbose exit [ 1, true ]
